0 info it worked if it ends with ok
1 verbose cli [ '/usr/local/bin/node', '/usr/local/bin/npm', 'publish' ]
2 info using npm@2.5.1
3 info using node@v0.12.0
4 verbose node symlink /usr/local/bin/node
5 verbose publish [ '.' ]
6 silly cache add args [ '.', null ]
7 verbose cache add spec .
8 silly cache add parsed spec { raw: '.',
8 silly cache add   scope: null,
8 silly cache add   name: null,
8 silly cache add   rawSpec: '.',
8 silly cache add   spec: '/home/jmcf/FIWARE-sdk/Javascript/orion',
8 silly cache add   type: 'directory' }
9 verbose addLocalDirectory /home/jmcf/.npm/fiware-orion-client/0.5.2/package.tgz not in flight; packing
10 verbose tar pack [ '/home/jmcf/.npm/fiware-orion-client/0.5.2/package.tgz',
10 verbose tar pack   '/home/jmcf/FIWARE-sdk/Javascript/orion' ]
11 verbose tarball /home/jmcf/.npm/fiware-orion-client/0.5.2/package.tgz
12 verbose folder /home/jmcf/FIWARE-sdk/Javascript/orion
13 info prepublish fiware-orion-client@0.5.2
14 verbose addLocalTarball adding from inside cache /home/jmcf/.npm/fiware-orion-client/0.5.2/package.tgz
15 silly cache afterAdd fiware-orion-client@0.5.2
16 verbose afterAdd /home/jmcf/.npm/fiware-orion-client/0.5.2/package/package.json not in flight; writing
17 verbose afterAdd /home/jmcf/.npm/fiware-orion-client/0.5.2/package/package.json written
18 silly publish { name: 'fiware-orion-client',
18 silly publish   version: '0.5.2',
18 silly publish   description: 'A client Library that makes it easier to get access to Orion Context Broker (part of the FIWARE platform)',
18 silly publish   main: 'orion-lib.js',
18 silly publish   directories: { test: 'test' },
18 silly publish   dependencies: { request: '^2.53.0' },
18 silly publish   devDependencies: { grunt: '^0.4.5', mocha: '^2.2.1' },
18 silly publish   scripts: { test: 'mocha --harmony' },
18 silly publish   engines: { node: '>=0.12' },
18 silly publish   keywords:
18 silly publish    [ 'FIWARE',
18 silly publish      'Orion',
18 silly publish      'Context',
18 silly publish      'Broker',
18 silly publish      'IoT',
18 silly publish      'Context-Aware',
18 silly publish      'NGSI' ],
18 silly publish   author: { name: 'José M. Cantera - FIWARE Team' },
18 silly publish   license: 'M.I.T.',
18 silly publish   readme: '[![node badge](https://img.shields.io/node/v/fiware-orion-client.svg)](https://www.npmjs.com/package/fiware-orion-client)\n[![npm badge](https://img.shields.io/npm/dm/fiware-orion-client.svg)](https://www.npmjs.com/package/fiware-orion-client)\n[![license badge](https://img.shields.io/npm/l/fiware-orion-client.svg)](https://opensource.org/licenses/MIT)\n\nThis library is **under development** and it is aimed at making it easier for Javascript developers to manage context information.\nIt is not intended to cover all the functionalities offered by the Orion REST API and you might need to\nuse the latter in certain cases.\n\nThe library is aligned with best practices of Javascript development:\n* makes use of Promises\n* it is intended to work both in Web Browsers (only queries) and Node environments.\n\nFor the sake of flexibility the library provides both a NGSI Helper and a client library.\n\n### Installation\n\n````\nnpm install fiware-orion-client\n````\n\nor\n\n````\nbower install https://github.com/jmcanterafonseca/FIWARE-sdk/raw/master/Javascript/fiware-orion-client-browser.zip\n````\n\n### NGSI Helper\n```js\nvar OrionHelper = require(\'fiware-orion-client\').NgsiHelper;\n```\n\n```html\n  <script defer src="bower_components/fiware-orion-client/orion.js"></script>\n```\n\nor if you are only going to use the NgsiHelper component\n\n```html\n  <script defer src="bower_components/fiware-orion-client/ngsi-helper.js"></script>\n```\n\n#### Query Context\n```js\nvar ngsiChunk = /* Obtain a NGSI Response by querying the Context */\nvar obj = OrionHelper.parse(ngsiChunk);\n```\n\n#### Update Context\n```js\nvar contextData = {\n  type: \'Car\',\n  id: \'P-9873K\',\n  speed: 98\n};\nvar ngsiChunk = JSON.stringify(OrionHelper.toNgsi(contextData));\n/* Now update the context by issuing an HTTP Request */\n```\n\n### Client Library\n\n#### Update Context\n\n```js\nconst ORION_SERVER = \'http://130.206.83.68:1026/v1\';\n\nvar Orion = require(\'fiware-orion-client\'),\n    OrionClient = new Orion.Client({\n      url: ORION_SERVER,\n      service: \'smartGondor\',      // Fiware-Service\n      token: \'aTokenForTheBroker\', \n      userAgent: \'IOT-Agent\',\n      timeout: 5000\n    });\n\nvar contextData = {\n  type: \'Car\',\n  id: \'P-9873K\',\n  speed: 98\n};\n\nOrionClient.updateContext(contextData).then(function() {\n  console.log(\'Context Properly updated\');\n}, function(error) {\n    console.log(\'Error while updating context: \', error);\n});\n```\n\n#### Query Context\n\n```js\nvar queryOptions = {\n  type: \'Car\',\n  id: \'P-9873K\'\n}\nOrionClient.queryContext(queryOptions).then(function(contextData) {\n  console.log(\'Context Properly retrieved: \', JSON.stringify(contextData));\n}, function(error) {\n    console.log(\'Error while querying context: \', error);\n});\n\n````\n\n#### Subscribe to Context\n\n```js\nvar entity = {\n  type: \'Car\',\n  id: \'P-9873K\'\n};\nvar params = {\n  callback: \'http://localhost/notify\'\n};\nOrionClient.subscribeContext(entity, params).then(function(subscription) {\n  console.log(\'Subscription done: \', JSON.stringify(subscription));\n}, function(error) {\n    console.log(\'Error while subscribing context: \', error);\n});\n````\n\n#### Register Context Provider\n\n```js\nvar entity = {\n  type: \'Car\',\n  pattern: \'.*\',\n  attributes: [{\n    name: \'buildYear\',\n    type: typeof \'\'\n  }]\n};\nvar params = {\n  callback: \'http://localhost/get_data\'\n}\n\nOrionClient.registerContext(entity, params).then(function(registration) {\n  console.log(\'Registration done: \', JSON.stringify(registration));\n  }, function(error) {\n    console.log(\'Error while registering context: \', error);\n  });\n});\n\n````\n',
18 silly publish   readmeFilename: 'README.md',
18 silly publish   _id: 'fiware-orion-client@0.5.2',
18 silly publish   _shasum: '6b750ed063d99c3de5513ee0184fbbfcbba6b66a',
18 silly publish   _from: '.' }
19 silly mapToRegistry name fiware-orion-client
20 silly mapToRegistry using default registry
21 silly mapToRegistry registry https://registry.npmjs.org/
22 silly mapToRegistry uri https://registry.npmjs.org/fiware-orion-client
23 verbose publish registryBase https://registry.npmjs.org/
24 silly publish uploading /home/jmcf/.npm/fiware-orion-client/0.5.2/package.tgz
25 verbose request uri https://registry.npmjs.org/fiware-orion-client
26 verbose request sending authorization for write operation
27 info attempt registry request try #1 at 12:31:43 AM
28 verbose request id 41030dd54d10e388
29 http request PUT https://registry.npmjs.org/fiware-orion-client
30 http 403 https://registry.npmjs.org/fiware-orion-client
31 verbose headers { 'content-type': 'application/json',
31 verbose headers   'cache-control': 'max-age=60',
31 verbose headers   'content-length': '95',
31 verbose headers   'accept-ranges': 'bytes',
31 verbose headers   date: 'Thu, 01 Oct 2015 22:30:45 GMT',
31 verbose headers   via: '1.1 varnish',
31 verbose headers   connection: 'keep-alive',
31 verbose headers   'x-served-by': 'cache-lcy1120-LCY',
31 verbose headers   'x-cache': 'MISS',
31 verbose headers   'x-cache-hits': '0',
31 verbose headers   'x-timer': 'S1443738643.450402,VS0,VE1614' }
32 verbose request invalidating /home/jmcf/.npm/registry.npmjs.org/fiware-orion-client on PUT
33 error publish Failed PUT 403
34 verbose stack Error: "You cannot publish over the previously published version 0.5.2." : fiware-orion-client
34 verbose stack     at CachingRegistryClient.<anonymous> (/opt/node-v0.12.0-linux-x64/lib/node_modules/npm/node_modules/npm-registry-client/lib/request.js:254:14)
34 verbose stack     at Request._callback (/opt/node-v0.12.0-linux-x64/lib/node_modules/npm/node_modules/npm-registry-client/lib/request.js:178:14)
34 verbose stack     at Request.self.callback (/opt/node-v0.12.0-linux-x64/lib/node_modules/npm/node_modules/request/request.js:344:22)
34 verbose stack     at Request.emit (events.js:110:17)
34 verbose stack     at Request.<anonymous> (/opt/node-v0.12.0-linux-x64/lib/node_modules/npm/node_modules/request/request.js:1239:14)
34 verbose stack     at Request.emit (events.js:129:20)
34 verbose stack     at IncomingMessage.<anonymous> (/opt/node-v0.12.0-linux-x64/lib/node_modules/npm/node_modules/request/request.js:1187:12)
34 verbose stack     at IncomingMessage.emit (events.js:129:20)
34 verbose stack     at _stream_readable.js:908:16
34 verbose stack     at process._tickCallback (node.js:355:11)
35 verbose statusCode 403
36 verbose pkgid fiware-orion-client
37 verbose cwd /home/jmcf/FIWARE-sdk/Javascript/orion
38 error Linux 3.2.0-29-generic
39 error argv "/usr/local/bin/node" "/usr/local/bin/npm" "publish"
40 error node v0.12.0
41 error npm  v2.5.1
42 error code E403
43 error "You cannot publish over the previously published version 0.5.2." : fiware-orion-client
44 error If you need help, you may report this error at:
44 error     <http://github.com/npm/npm/issues>
45 verbose exit [ 1, true ]
